<?xml version="1.0" encoding="UTF-8"?>
<!-- Generated by org.testng.reporters.JUnitXMLReporter -->
<testsuite hostname="ADMIN-PC" ignored="0" name="Default test" tests="11" failures="0" timestamp="28 Aug 2020 17:26:32 GMT" time="9.861" errors="0">
  <testcase name="ValidateCreateCustomerAPIWihInvalidSecreteKey" time="2.634" classname="com.w2a.qa.testcases.CreateCustomerTest"/>
  <testcase name="ValidateCreateCustomerAPIWihInvalidSecreteKey" time="0.422" classname="com.w2a.qa.testcases.CreateCustomerTest"/>
  <testcase name="ValidateCreateCustomerAPIWihValidSecreteKey" time="0.776" classname="com.w2a.qa.testcases.CreateCustomerTest"/>
  <testcase name="ValidateCreateCustomerAPIWihValidSecreteKey" time="0.719" classname="com.w2a.qa.testcases.CreateCustomerTest"/>
  <testcase name="ValidateCreateCustomerAPIWihValidSecreteKey" time="0.741" classname="com.w2a.qa.testcases.CreateCustomerTest"/>
  <testcase name="ValidateCreateCustomerAPIWihValidSecreteKey" time="0.727" classname="com.w2a.qa.testcases.CreateCustomerTest"/>
  <testcase name="ValidateCreateCustomerAPIWihValidSecreteKey" time="0.721" classname="com.w2a.qa.testcases.CreateCustomerTest"/>
  <testcase name="ValidateCreateCustomerAPIWihValidSecreteKey" time="0.696" classname="com.w2a.qa.testcases.CreateCustomerTest"/>
  <testcase name="ValidateCreateCustomerAPIWihValidSecreteKey" time="0.697" classname="com.w2a.qa.testcases.CreateCustomerTest"/>
  <testcase name="ValidateCreateCustomerAPIWihValidSecreteKey" time="0.722" classname="com.w2a.qa.testcases.CreateCustomerTest"/>
  <testcase name="ValidateCreateCustomerAPIWihValidSecreteKey" time="0.852" classname="com.w2a.qa.testcases.CreateCustomerTest"/>
</testsuite> <!-- Default test -->
