<?xml version="1.0" encoding="UTF-8"?>
<!-- Generated by org.testng.reporters.JUnitXMLReporter -->
<testsuite hostname="ADMIN-PC" ignored="0" name="Create Customer API Test" tests="4" failures="0" timestamp="09 Aug 2020 18:26:36 GMT" time="5.873" errors="0">
  <testcase name="ValidateCreateCustomerAPIWihInvalidSecreteKey" time="3.65" classname="com.w2a.qa.testcases.CreateCustomerTest"/>
  <testcase name="ValidateCreateCustomerAPIWihInvalidSecreteKey" time="0.473" classname="com.w2a.qa.testcases.CreateCustomerTest"/>
  <testcase name="ValidateCreateCustomerAPIWihValidSecreteKey" time="0.857" classname="com.w2a.qa.testcases.CreateCustomerTest"/>
  <testcase name="ValidateCreateCustomerAPIWihValidSecreteKey" time="0.744" classname="com.w2a.qa.testcases.CreateCustomerTest"/>
</testsuite> <!-- Create Customer API Test -->
