<?xml version="1.0" encoding="UTF-8"?>
<!-- Generated by org.testng.reporters.JUnitXMLReporter -->
<testsuite hostname="ADMIN-PC" ignored="4" name="Command line test" tests="32" failures="21" timestamp="28 Apr 2021 05:53:55 GMT" time="37.808" errors="0">
  <testcase name="ValidateCreateCustomerAPIWihInvalidSecreteKey" time="5.785" classname="com.w2a.qa.testcases.CreateCustomerTest"/>
  <testcase name="ValidateCreateCustomerAPIWihInvalidSecreteKey" time="0.524" classname="com.w2a.qa.testcases.CreateCustomerTest"/>
  <testcase name="ValidateCreateCustomerAPIWihValidSecreteKey" time="1.09" classname="com.w2a.qa.testcases.CreateCustomerTest"/>
  <testcase name="ValidateCreateCustomerAPIWihValidSecreteKey" time="0.899" classname="com.w2a.qa.testcases.CreateCustomerTest"/>
  <testcase name="ValidateCreateCustomerAPIWihValidSecreteKey" time="0.852" classname="com.w2a.qa.testcases.CreateCustomerTest"/>
  <testcase name="ValidateCreateCustomerAPIWihValidSecreteKey" time="0.961" classname="com.w2a.qa.testcases.CreateCustomerTest"/>
  <testcase name="ValidateCreateCustomerAPIWihValidSecreteKey" time="0.87" classname="com.w2a.qa.testcases.CreateCustomerTest"/>
  <testcase name="ValidateCreateCustomerAPIWihValidSecreteKey" time="0.933" classname="com.w2a.qa.testcases.CreateCustomerTest"/>
  <testcase name="ValidateCreateCustomerAPIWihValidSecreteKey" time="0.844" classname="com.w2a.qa.testcases.CreateCustomerTest"/>
  <testcase name="ValidateCreateCustomerAPIWihValidSecreteKey" time="0.873" classname="com.w2a.qa.testcases.CreateCustomerTest"/>
  <testcase name="ValidateCreateCustomerAPIWihValidSecreteKey" time="0.938" classname="com.w2a.qa.testcases.CreateCustomerTest"/>
  <testcase name="ValidateDeleteCustomer" time="3.044" classname="com.w2a.qa.testcases.DeleteCustomerTest">
    <failure type="java.lang.NullPointerException">
      <![CDATA[java.lang.NullPointerException
at com.w2a.qa.testcases.DeleteCustomerTest.ValidateDeleteCustomer(DeleteCustomerTest.java:22)
... Removed 35 stack frames]]>
    </failure>
  </testcase> <!-- ValidateDeleteCustomer -->
  <testcase name="ValidateDeleteCustomer" time="0.985" classname="com.w2a.qa.testcases.DeleteCustomerTest">
    <failure type="java.lang.NullPointerException">
      <![CDATA[java.lang.NullPointerException
at com.w2a.qa.testcases.DeleteCustomerTest.ValidateDeleteCustomer(DeleteCustomerTest.java:22)
... Removed 35 stack frames]]>
    </failure>
  </testcase> <!-- ValidateDeleteCustomer -->
  <testcase name="ValidateDeleteCustomer" time="1.013" classname="com.w2a.qa.testcases.DeleteCustomerTest">
    <failure type="java.lang.NullPointerException">
      <![CDATA[java.lang.NullPointerException
at com.w2a.qa.testcases.DeleteCustomerTest.ValidateDeleteCustomer(DeleteCustomerTest.java:22)
... Removed 35 stack frames]]>
    </failure>
  </testcase> <!-- ValidateDeleteCustomer -->
  <testcase name="ValidateDeleteCustomer" time="0.99" classname="com.w2a.qa.testcases.DeleteCustomerTest">
    <failure type="java.lang.NullPointerException">
      <![CDATA[java.lang.NullPointerException
at com.w2a.qa.testcases.DeleteCustomerTest.ValidateDeleteCustomer(DeleteCustomerTest.java:22)
... Removed 35 stack frames]]>
    </failure>
  </testcase> <!-- ValidateDeleteCustomer -->
  <testcase name="ValidateDeleteCustomer" time="0.999" classname="com.w2a.qa.testcases.DeleteCustomerTest">
    <failure type="java.lang.NullPointerException">
      <![CDATA[java.lang.NullPointerException
at com.w2a.qa.testcases.DeleteCustomerTest.ValidateDeleteCustomer(DeleteCustomerTest.java:22)
... Removed 35 stack frames]]>
    </failure>
  </testcase> <!-- ValidateDeleteCustomer -->
  <testcase name="ValidateDeleteCustomer" time="1.033" classname="com.w2a.qa.testcases.DeleteCustomerTest">
    <failure type="java.lang.NullPointerException">
      <![CDATA[java.lang.NullPointerException
at com.w2a.qa.testcases.DeleteCustomerTest.ValidateDeleteCustomer(DeleteCustomerTest.java:22)
... Removed 35 stack frames]]>
    </failure>
  </testcase> <!-- ValidateDeleteCustomer -->
  <testcase name="ValidateDeleteCustomer" time="0.947" classname="com.w2a.qa.testcases.DeleteCustomerTest">
    <failure type="java.lang.NullPointerException">
      <![CDATA[java.lang.NullPointerException
at com.w2a.qa.testcases.DeleteCustomerTest.ValidateDeleteCustomer(DeleteCustomerTest.java:22)
... Removed 35 stack frames]]>
    </failure>
  </testcase> <!-- ValidateDeleteCustomer -->
  <testcase name="ValidateDeleteCustomer" time="0.992" classname="com.w2a.qa.testcases.DeleteCustomerTest">
    <failure type="java.lang.NullPointerException">
      <![CDATA[java.lang.NullPointerException
at com.w2a.qa.testcases.DeleteCustomerTest.ValidateDeleteCustomer(DeleteCustomerTest.java:22)
... Removed 35 stack frames]]>
    </failure>
  </testcase> <!-- ValidateDeleteCustomer -->
  <testcase name="ValidateDeleteCustomer" time="0.919" classname="com.w2a.qa.testcases.DeleteCustomerTest">
    <failure type="java.lang.NullPointerException">
      <![CDATA[java.lang.NullPointerException
at com.w2a.qa.testcases.DeleteCustomerTest.ValidateDeleteCustomer(DeleteCustomerTest.java:22)
... Removed 35 stack frames]]>
    </failure>
  </testcase> <!-- ValidateDeleteCustomer -->
  <testcase name="ValidateDeleteCustomer" time="1.001" classname="com.w2a.qa.testcases.DeleteCustomerTest">
    <failure type="java.lang.NullPointerException">
      <![CDATA[java.lang.NullPointerException
at com.w2a.qa.testcases.DeleteCustomerTest.ValidateDeleteCustomer(DeleteCustomerTest.java:22)
... Removed 35 stack frames]]>
    </failure>
  </testcase> <!-- ValidateDeleteCustomer -->
  <testcase name="ValidateDeleteCustomer" time="0.95" classname="com.w2a.qa.testcases.DeleteCustomerTest">
    <failure type="java.lang.NullPointerException">
      <![CDATA[java.lang.NullPointerException
at com.w2a.qa.testcases.DeleteCustomerTest.ValidateDeleteCustomer(DeleteCustomerTest.java:22)
... Removed 35 stack frames]]>
    </failure>
  </testcase> <!-- ValidateDeleteCustomer -->
  <testcase name="ValidateDeleteCustomer" time="0.969" classname="com.w2a.qa.testcases.DeleteCustomerTest">
    <failure type="java.lang.NullPointerException">
      <![CDATA[java.lang.NullPointerException
at com.w2a.qa.testcases.DeleteCustomerTest.ValidateDeleteCustomer(DeleteCustomerTest.java:22)
... Removed 35 stack frames]]>
    </failure>
  </testcase> <!-- ValidateDeleteCustomer -->
  <testcase name="ValidateDeleteCustomer" time="1.015" classname="com.w2a.qa.testcases.DeleteCustomerTest">
    <failure type="java.lang.NullPointerException">
      <![CDATA[java.lang.NullPointerException
at com.w2a.qa.testcases.DeleteCustomerTest.ValidateDeleteCustomer(DeleteCustomerTest.java:22)
... Removed 35 stack frames]]>
    </failure>
  </testcase> <!-- ValidateDeleteCustomer -->
  <testcase name="ValidateDeleteCustomer" time="1.048" classname="com.w2a.qa.testcases.DeleteCustomerTest">
    <failure type="java.lang.NullPointerException">
      <![CDATA[java.lang.NullPointerException
at com.w2a.qa.testcases.DeleteCustomerTest.ValidateDeleteCustomer(DeleteCustomerTest.java:22)
... Removed 35 stack frames]]>
    </failure>
  </testcase> <!-- ValidateDeleteCustomer -->
  <testcase name="ValidateDeleteCustomer" time="1.023" classname="com.w2a.qa.testcases.DeleteCustomerTest">
    <failure type="java.lang.NullPointerException">
      <![CDATA[java.lang.NullPointerException
at com.w2a.qa.testcases.DeleteCustomerTest.ValidateDeleteCustomer(DeleteCustomerTest.java:22)
... Removed 35 stack frames]]>
    </failure>
  </testcase> <!-- ValidateDeleteCustomer -->
  <testcase name="ValidateDeleteCustomer" time="1.099" classname="com.w2a.qa.testcases.DeleteCustomerTest">
    <failure type="java.lang.NullPointerException">
      <![CDATA[java.lang.NullPointerException
at com.w2a.qa.testcases.DeleteCustomerTest.ValidateDeleteCustomer(DeleteCustomerTest.java:22)
... Removed 35 stack frames]]>
    </failure>
  </testcase> <!-- ValidateDeleteCustomer -->
  <testcase name="ValidateDeleteCustomer" time="1.03" classname="com.w2a.qa.testcases.DeleteCustomerTest">
    <failure type="java.lang.NullPointerException">
      <![CDATA[java.lang.NullPointerException
at com.w2a.qa.testcases.DeleteCustomerTest.ValidateDeleteCustomer(DeleteCustomerTest.java:22)
... Removed 34 stack frames]]>
    </failure>
  </testcase> <!-- ValidateDeleteCustomer -->
  <testcase name="ValidateDeleteCustomer" time="0.981" classname="com.w2a.qa.testcases.DeleteCustomerTest">
    <failure type="java.lang.NullPointerException">
      <![CDATA[java.lang.NullPointerException
at com.w2a.qa.testcases.DeleteCustomerTest.ValidateDeleteCustomer(DeleteCustomerTest.java:22)
... Removed 34 stack frames]]>
    </failure>
  </testcase> <!-- ValidateDeleteCustomer -->
  <testcase name="ValidateDeleteCustomer" time="0.94" classname="com.w2a.qa.testcases.DeleteCustomerTest">
    <failure type="java.lang.NullPointerException">
      <![CDATA[java.lang.NullPointerException
at com.w2a.qa.testcases.DeleteCustomerTest.ValidateDeleteCustomer(DeleteCustomerTest.java:22)
... Removed 34 stack frames]]>
    </failure>
  </testcase> <!-- ValidateDeleteCustomer -->
  <testcase name="ValidateDeleteCustomer" time="0.97" classname="com.w2a.qa.testcases.DeleteCustomerTest">
    <failure type="java.lang.NullPointerException">
      <![CDATA[java.lang.NullPointerException
at com.w2a.qa.testcases.DeleteCustomerTest.ValidateDeleteCustomer(DeleteCustomerTest.java:22)
... Removed 34 stack frames]]>
    </failure>
  </testcase> <!-- ValidateDeleteCustomer -->
  <testcase name="ValidateDeleteCustomer" time="0.981" classname="com.w2a.qa.testcases.DeleteCustomerTest">
    <failure type="java.lang.NullPointerException">
      <![CDATA[java.lang.NullPointerException
at com.w2a.qa.testcases.DeleteCustomerTest.ValidateDeleteCustomer(DeleteCustomerTest.java:22)
... Removed 34 stack frames]]>
    </failure>
  </testcase> <!-- ValidateDeleteCustomer -->
  <testcase name="@AfterSuite TearDown" time="0.0" classname="com.w2a.qa.setup.BaseTest">
    <ignored/>
  </testcase> <!-- @AfterSuite TearDown -->
  <testcase name="@AfterSuite TearDown" time="0.0" classname="com.w2a.qa.setup.BaseTest">
    <ignored/>
  </testcase> <!-- @AfterSuite TearDown -->
  <testcase name="@BeforeSuite SetUp" time="0.0" classname="com.w2a.qa.setup.BaseTest">
    <ignored/>
  </testcase> <!-- @BeforeSuite SetUp -->
  <testcase name="@BeforeSuite SetUp" time="0.0" classname="com.w2a.qa.setup.BaseTest">
    <ignored/>
  </testcase> <!-- @BeforeSuite SetUp -->
</testsuite> <!-- Command line test -->
