<?xml version="1.0" encoding="UTF-8" ?>
<testsuite tests="32" failures="21" name="TestSuite" time="37.48" errors="0" skipped="0">
  <properties>
[...]
</properties>
  <testcase classname="com.w2a.qa.testcases.CreateCustomerTest" name="ValidateCreateCustomerAPIWihInvalidSecreteKey" time="5.723"/>
  <testcase classname="com.w2a.qa.testcases.CreateCustomerTest" name="ValidateCreateCustomerAPIWihInvalidSecreteKey" time="0.541"/>
  <testcase classname="com.w2a.qa.testcases.CreateCustomerTest" name="ValidateCreateCustomerAPIWihValidSecreteKey" time="1.1"/>
  <testcase classname="com.w2a.qa.testcases.CreateCustomerTest" name="ValidateCreateCustomerAPIWihValidSecreteKey" time="0.879"/>
  <testcase classname="com.w2a.qa.testcases.CreateCustomerTest" name="ValidateCreateCustomerAPIWihValidSecreteKey" time="0.837"/>
  <testcase classname="com.w2a.qa.testcases.CreateCustomerTest" name="ValidateCreateCustomerAPIWihValidSecreteKey" time="0.969"/>
  <testcase classname="com.w2a.qa.testcases.CreateCustomerTest" name="ValidateCreateCustomerAPIWihValidSecreteKey" time="0.862"/>
  <testcase classname="com.w2a.qa.testcases.CreateCustomerTest" name="ValidateCreateCustomerAPIWihValidSecreteKey" time="0.949"/>
  <testcase classname="com.w2a.qa.testcases.CreateCustomerTest" name="ValidateCreateCustomerAPIWihValidSecreteKey" time="0.828"/>
  <testcase classname="com.w2a.qa.testcases.CreateCustomerTest" name="ValidateCreateCustomerAPIWihValidSecreteKey" time="0.89"/>
  <testcase classname="com.w2a.qa.testcases.CreateCustomerTest" name="ValidateCreateCustomerAPIWihValidSecreteKey" time="0.922"/>
  <testcase classname="com.w2a.qa.testcases.DeleteCustomerTest" name="ValidateDeleteCustomer" time="3.072">
    <failure type="java.lang.NullPointerException">java.lang.NullPointerException
	at com.w2a.qa.testcases.DeleteCustomerTest.ValidateDeleteCustomer(DeleteCustomerTest.java:22)
</failure>
    <system-out>Total rows are : 40
Test name is : ValidateDeleteCustomer
Test case starts from row num: 18
Total rows of data are : 21
Total cols are : 1
{
    &quot;error&quot;: {
        &quot;code&quot;: &quot;resource_missing&quot;,
        &quot;doc_url&quot;: &quot;https://stripe.com/docs/error-codes/resource-missing&quot;,
        &quot;message&quot;: &quot;No such customer: &apos;cus_Htk4Br5E1aOyev&apos;&quot;,
        &quot;param&quot;: &quot;id&quot;,
        &quot;type&quot;: &quot;invalid_request_error&quot;
    }
}
</system-out>
  </testcase>
  <testcase classname="com.w2a.qa.testcases.DeleteCustomerTest" name="ValidateDeleteCustomer" time="0.983">
    <failure type="java.lang.NullPointerException">java.lang.NullPointerException
	at com.w2a.qa.testcases.DeleteCustomerTest.ValidateDeleteCustomer(DeleteCustomerTest.java:22)
</failure>
    <system-out>{
    &quot;error&quot;: {
        &quot;code&quot;: &quot;resource_missing&quot;,
        &quot;doc_url&quot;: &quot;https://stripe.com/docs/error-codes/resource-missing&quot;,
        &quot;message&quot;: &quot;No such customer: &apos;cus_Htk4azASdGfPBP&apos;&quot;,
        &quot;param&quot;: &quot;id&quot;,
        &quot;type&quot;: &quot;invalid_request_error&quot;
    }
}
</system-out>
  </testcase>
  <testcase classname="com.w2a.qa.testcases.DeleteCustomerTest" name="ValidateDeleteCustomer" time="1.016">
    <failure type="java.lang.NullPointerException">java.lang.NullPointerException
	at com.w2a.qa.testcases.DeleteCustomerTest.ValidateDeleteCustomer(DeleteCustomerTest.java:22)
</failure>
    <system-out>{
    &quot;error&quot;: {
        &quot;code&quot;: &quot;resource_missing&quot;,
        &quot;doc_url&quot;: &quot;https://stripe.com/docs/error-codes/resource-missing&quot;,
        &quot;message&quot;: &quot;No such customer: &apos;cus_Htk4noiST1DYPO&apos;&quot;,
        &quot;param&quot;: &quot;id&quot;,
        &quot;type&quot;: &quot;invalid_request_error&quot;
    }
}
</system-out>
  </testcase>
  <testcase classname="com.w2a.qa.testcases.DeleteCustomerTest" name="ValidateDeleteCustomer" time="0.991">
    <failure type="java.lang.NullPointerException">java.lang.NullPointerException
	at com.w2a.qa.testcases.DeleteCustomerTest.ValidateDeleteCustomer(DeleteCustomerTest.java:22)
</failure>
    <system-out>{
    &quot;error&quot;: {
        &quot;code&quot;: &quot;resource_missing&quot;,
        &quot;doc_url&quot;: &quot;https://stripe.com/docs/error-codes/resource-missing&quot;,
        &quot;message&quot;: &quot;No such customer: &apos;cus_Htk4FSEAaFNn8X&apos;&quot;,
        &quot;param&quot;: &quot;id&quot;,
        &quot;type&quot;: &quot;invalid_request_error&quot;
    }
}
</system-out>
  </testcase>
  <testcase classname="com.w2a.qa.testcases.DeleteCustomerTest" name="ValidateDeleteCustomer" time="0.986">
    <failure type="java.lang.NullPointerException">java.lang.NullPointerException
	at com.w2a.qa.testcases.DeleteCustomerTest.ValidateDeleteCustomer(DeleteCustomerTest.java:22)
</failure>
    <system-out>{
    &quot;error&quot;: {
        &quot;code&quot;: &quot;resource_missing&quot;,
        &quot;doc_url&quot;: &quot;https://stripe.com/docs/error-codes/resource-missing&quot;,
        &quot;message&quot;: &quot;No such customer: &apos;cus_Htk4nX48lcl936&apos;&quot;,
        &quot;param&quot;: &quot;id&quot;,
        &quot;type&quot;: &quot;invalid_request_error&quot;
    }
}
</system-out>
  </testcase>
  <testcase classname="com.w2a.qa.testcases.DeleteCustomerTest" name="ValidateDeleteCustomer" time="1.033">
    <failure type="java.lang.NullPointerException">java.lang.NullPointerException
	at com.w2a.qa.testcases.DeleteCustomerTest.ValidateDeleteCustomer(DeleteCustomerTest.java:22)
</failure>
    <system-out>{
    &quot;error&quot;: {
        &quot;code&quot;: &quot;resource_missing&quot;,
        &quot;doc_url&quot;: &quot;https://stripe.com/docs/error-codes/resource-missing&quot;,
        &quot;message&quot;: &quot;No such customer: &apos;cus_Htk4nMH4aCkW7m&apos;&quot;,
        &quot;param&quot;: &quot;id&quot;,
        &quot;type&quot;: &quot;invalid_request_error&quot;
    }
}
</system-out>
  </testcase>
  <testcase classname="com.w2a.qa.testcases.DeleteCustomerTest" name="ValidateDeleteCustomer" time="0.963">
    <failure type="java.lang.NullPointerException">java.lang.NullPointerException
	at com.w2a.qa.testcases.DeleteCustomerTest.ValidateDeleteCustomer(DeleteCustomerTest.java:22)
</failure>
    <system-out>{
    &quot;error&quot;: {
        &quot;code&quot;: &quot;resource_missing&quot;,
        &quot;doc_url&quot;: &quot;https://stripe.com/docs/error-codes/resource-missing&quot;,
        &quot;message&quot;: &quot;No such customer: &apos;cus_Htk35sBIBRCP1J&apos;&quot;,
        &quot;param&quot;: &quot;id&quot;,
        &quot;type&quot;: &quot;invalid_request_error&quot;
    }
}
</system-out>
  </testcase>
  <testcase classname="com.w2a.qa.testcases.DeleteCustomerTest" name="ValidateDeleteCustomer" time="1">
    <failure type="java.lang.NullPointerException">java.lang.NullPointerException
	at com.w2a.qa.testcases.DeleteCustomerTest.ValidateDeleteCustomer(DeleteCustomerTest.java:22)
</failure>
    <system-out>{
    &quot;error&quot;: {
        &quot;code&quot;: &quot;resource_missing&quot;,
        &quot;doc_url&quot;: &quot;https://stripe.com/docs/error-codes/resource-missing&quot;,
        &quot;message&quot;: &quot;No such customer: &apos;cus_Htk3DHSiz7So4V&apos;&quot;,
        &quot;param&quot;: &quot;id&quot;,
        &quot;type&quot;: &quot;invalid_request_error&quot;
    }
}
</system-out>
  </testcase>
  <testcase classname="com.w2a.qa.testcases.DeleteCustomerTest" name="ValidateDeleteCustomer" time="0.897">
    <failure type="java.lang.NullPointerException">java.lang.NullPointerException
	at com.w2a.qa.testcases.DeleteCustomerTest.ValidateDeleteCustomer(DeleteCustomerTest.java:22)
</failure>
    <system-out>{
    &quot;error&quot;: {
        &quot;code&quot;: &quot;resource_missing&quot;,
        &quot;doc_url&quot;: &quot;https://stripe.com/docs/error-codes/resource-missing&quot;,
        &quot;message&quot;: &quot;No such customer: &apos;cus_Htk3IGUN5XqbAH&apos;&quot;,
        &quot;param&quot;: &quot;id&quot;,
        &quot;type&quot;: &quot;invalid_request_error&quot;
    }
}
</system-out>
  </testcase>
  <testcase classname="com.w2a.qa.testcases.DeleteCustomerTest" name="ValidateDeleteCustomer" time="1.008">
    <failure type="java.lang.NullPointerException">java.lang.NullPointerException
	at com.w2a.qa.testcases.DeleteCustomerTest.ValidateDeleteCustomer(DeleteCustomerTest.java:22)
</failure>
    <system-out>{
    &quot;error&quot;: {
        &quot;code&quot;: &quot;resource_missing&quot;,
        &quot;doc_url&quot;: &quot;https://stripe.com/docs/error-codes/resource-missing&quot;,
        &quot;message&quot;: &quot;No such customer: &apos;cus_Htk3hJji0aHzDw&apos;&quot;,
        &quot;param&quot;: &quot;id&quot;,
        &quot;type&quot;: &quot;invalid_request_error&quot;
    }
}
</system-out>
  </testcase>
  <testcase classname="com.w2a.qa.testcases.DeleteCustomerTest" name="ValidateDeleteCustomer" time="0.955">
    <failure type="java.lang.NullPointerException">java.lang.NullPointerException
	at com.w2a.qa.testcases.DeleteCustomerTest.ValidateDeleteCustomer(DeleteCustomerTest.java:22)
</failure>
    <system-out>{
    &quot;error&quot;: {
        &quot;code&quot;: &quot;resource_missing&quot;,
        &quot;doc_url&quot;: &quot;https://stripe.com/docs/error-codes/resource-missing&quot;,
        &quot;message&quot;: &quot;No such customer: &apos;cus_Htk3S2MNApt43U&apos;&quot;,
        &quot;param&quot;: &quot;id&quot;,
        &quot;type&quot;: &quot;invalid_request_error&quot;
    }
}
</system-out>
  </testcase>
  <testcase classname="com.w2a.qa.testcases.DeleteCustomerTest" name="ValidateDeleteCustomer" time="0.976">
    <failure type="java.lang.NullPointerException">java.lang.NullPointerException
	at com.w2a.qa.testcases.DeleteCustomerTest.ValidateDeleteCustomer(DeleteCustomerTest.java:22)
</failure>
    <system-out>{
    &quot;error&quot;: {
        &quot;code&quot;: &quot;resource_missing&quot;,
        &quot;doc_url&quot;: &quot;https://stripe.com/docs/error-codes/resource-missing&quot;,
        &quot;message&quot;: &quot;No such customer: &apos;cus_Htk36TNIMVPNnc&apos;&quot;,
        &quot;param&quot;: &quot;id&quot;,
        &quot;type&quot;: &quot;invalid_request_error&quot;
    }
}
</system-out>
  </testcase>
  <testcase classname="com.w2a.qa.testcases.DeleteCustomerTest" name="ValidateDeleteCustomer" time="1.018">
    <failure type="java.lang.NullPointerException">java.lang.NullPointerException
	at com.w2a.qa.testcases.DeleteCustomerTest.ValidateDeleteCustomer(DeleteCustomerTest.java:22)
</failure>
    <system-out>{
    &quot;error&quot;: {
        &quot;code&quot;: &quot;resource_missing&quot;,
        &quot;doc_url&quot;: &quot;https://stripe.com/docs/error-codes/resource-missing&quot;,
        &quot;message&quot;: &quot;No such customer: &apos;cus_Htk38fEOXuzACN&apos;&quot;,
        &quot;param&quot;: &quot;id&quot;,
        &quot;type&quot;: &quot;invalid_request_error&quot;
    }
}
</system-out>
  </testcase>
  <testcase classname="com.w2a.qa.testcases.DeleteCustomerTest" name="ValidateDeleteCustomer" time="1.033">
    <failure type="java.lang.NullPointerException">java.lang.NullPointerException
	at com.w2a.qa.testcases.DeleteCustomerTest.ValidateDeleteCustomer(DeleteCustomerTest.java:22)
</failure>
    <system-out>{
    &quot;error&quot;: {
        &quot;code&quot;: &quot;resource_missing&quot;,
        &quot;doc_url&quot;: &quot;https://stripe.com/docs/error-codes/resource-missing&quot;,
        &quot;message&quot;: &quot;No such customer: &apos;cus_Htk3U8pb0mjkld&apos;&quot;,
        &quot;param&quot;: &quot;id&quot;,
        &quot;type&quot;: &quot;invalid_request_error&quot;
    }
}
</system-out>
  </testcase>
  <testcase classname="com.w2a.qa.testcases.DeleteCustomerTest" name="ValidateDeleteCustomer" time="1.054">
    <failure type="java.lang.NullPointerException">java.lang.NullPointerException
	at com.w2a.qa.testcases.DeleteCustomerTest.ValidateDeleteCustomer(DeleteCustomerTest.java:22)
</failure>
    <system-out>{
    &quot;error&quot;: {
        &quot;code&quot;: &quot;resource_missing&quot;,
        &quot;doc_url&quot;: &quot;https://stripe.com/docs/error-codes/resource-missing&quot;,
        &quot;message&quot;: &quot;No such customer: &apos;cus_Htk31JLBISXnDr&apos;&quot;,
        &quot;param&quot;: &quot;id&quot;,
        &quot;type&quot;: &quot;invalid_request_error&quot;
    }
}
</system-out>
  </testcase>
  <testcase classname="com.w2a.qa.testcases.DeleteCustomerTest" name="ValidateDeleteCustomer" time="1.082">
    <failure type="java.lang.NullPointerException">java.lang.NullPointerException
	at com.w2a.qa.testcases.DeleteCustomerTest.ValidateDeleteCustomer(DeleteCustomerTest.java:22)
</failure>
    <system-out>{
    &quot;error&quot;: {
        &quot;code&quot;: &quot;resource_missing&quot;,
        &quot;doc_url&quot;: &quot;https://stripe.com/docs/error-codes/resource-missing&quot;,
        &quot;message&quot;: &quot;No such customer: &apos;cus_Htk3xBl7Azbqms&apos;&quot;,
        &quot;param&quot;: &quot;id&quot;,
        &quot;type&quot;: &quot;invalid_request_error&quot;
    }
}
</system-out>
  </testcase>
  <testcase classname="com.w2a.qa.testcases.DeleteCustomerTest" name="ValidateDeleteCustomer" time="1.036">
    <failure type="java.lang.NullPointerException">java.lang.NullPointerException
	at com.w2a.qa.testcases.DeleteCustomerTest.ValidateDeleteCustomer(DeleteCustomerTest.java:22)
</failure>
    <system-out>{
    &quot;error&quot;: {
        &quot;code&quot;: &quot;resource_missing&quot;,
        &quot;doc_url&quot;: &quot;https://stripe.com/docs/error-codes/resource-missing&quot;,
        &quot;message&quot;: &quot;No such customer: &apos;cus_Htk3uAac9PjIOP&apos;&quot;,
        &quot;param&quot;: &quot;id&quot;,
        &quot;type&quot;: &quot;invalid_request_error&quot;
    }
}
</system-out>
  </testcase>
  <testcase classname="com.w2a.qa.testcases.DeleteCustomerTest" name="ValidateDeleteCustomer" time="0.997">
    <failure type="java.lang.NullPointerException">java.lang.NullPointerException
	at com.w2a.qa.testcases.DeleteCustomerTest.ValidateDeleteCustomer(DeleteCustomerTest.java:22)
</failure>
    <system-out>{
    &quot;error&quot;: {
        &quot;code&quot;: &quot;resource_missing&quot;,
        &quot;doc_url&quot;: &quot;https://stripe.com/docs/error-codes/resource-missing&quot;,
        &quot;message&quot;: &quot;No such customer: &apos;cus_Htk3UP9YQ6rCo5&apos;&quot;,
        &quot;param&quot;: &quot;id&quot;,
        &quot;type&quot;: &quot;invalid_request_error&quot;
    }
}
</system-out>
  </testcase>
  <testcase classname="com.w2a.qa.testcases.DeleteCustomerTest" name="ValidateDeleteCustomer" time="0.933">
    <failure type="java.lang.NullPointerException">java.lang.NullPointerException
	at com.w2a.qa.testcases.DeleteCustomerTest.ValidateDeleteCustomer(DeleteCustomerTest.java:22)
</failure>
    <system-out>{
    &quot;error&quot;: {
        &quot;code&quot;: &quot;resource_missing&quot;,
        &quot;doc_url&quot;: &quot;https://stripe.com/docs/error-codes/resource-missing&quot;,
        &quot;message&quot;: &quot;No such customer: &apos;cus_HtjcAbgDTZfYxQ&apos;&quot;,
        &quot;param&quot;: &quot;id&quot;,
        &quot;type&quot;: &quot;invalid_request_error&quot;
    }
}
</system-out>
  </testcase>
  <testcase classname="com.w2a.qa.testcases.DeleteCustomerTest" name="ValidateDeleteCustomer" time="0.977">
    <failure type="java.lang.NullPointerException">java.lang.NullPointerException
	at com.w2a.qa.testcases.DeleteCustomerTest.ValidateDeleteCustomer(DeleteCustomerTest.java:22)
</failure>
    <system-out>{
    &quot;error&quot;: {
        &quot;code&quot;: &quot;resource_missing&quot;,
        &quot;doc_url&quot;: &quot;https://stripe.com/docs/error-codes/resource-missing&quot;,
        &quot;message&quot;: &quot;No such customer: &apos;cus_HtjcF3VMrYqb45&apos;&quot;,
        &quot;param&quot;: &quot;id&quot;,
        &quot;type&quot;: &quot;invalid_request_error&quot;
    }
}
</system-out>
  </testcase>
  <testcase classname="com.w2a.qa.testcases.DeleteCustomerTest" name="ValidateDeleteCustomer" time="0.97">
    <failure type="java.lang.NullPointerException">java.lang.NullPointerException
	at com.w2a.qa.testcases.DeleteCustomerTest.ValidateDeleteCustomer(DeleteCustomerTest.java:22)
</failure>
    <system-out>{
    &quot;error&quot;: {
        &quot;code&quot;: &quot;resource_missing&quot;,
        &quot;doc_url&quot;: &quot;https://stripe.com/docs/error-codes/resource-missing&quot;,
        &quot;message&quot;: &quot;No such customer: &apos;cus_HtjASCrxdLjNU0&apos;&quot;,
        &quot;param&quot;: &quot;id&quot;,
        &quot;type&quot;: &quot;invalid_request_error&quot;
    }
}
</system-out>
  </testcase>
</testsuite>