<?xml version="1.0" encoding="UTF-8"?>
<testng-results skipped="0" failed="0" ignored="0" total="11" passed="11">
  <reporter-output>
  </reporter-output>
  <suite name="Default suite" duration-ms="9861" started-at="2020-08-28T17:26:22Z" finished-at="2020-08-28T17:26:32Z">
    <groups>
    </groups>
    <test name="Default test" duration-ms="9861" started-at="2020-08-28T17:26:22Z" finished-at="2020-08-28T17:26:32Z">
      <class name="com.w2a.qa.testcases.CreateCustomerTest">
        <test-method status="PASS" signature="SetUp()[pri:0, instance:com.w2a.qa.testcases.CreateCustomerTest@e357dc]" name="SetUp" is-config="true" duration-ms="1005" started-at="2020-08-28T17:26:21Z" finished-at="2020-08-28T17:26:22Z">
          <reporter-output>
          </reporter-output>
        </test-method> <!-- SetUp -->
        <test-method status="PASS" signature="ValidateCreateCustomerAPIWihInvalidSecreteKey(java.util.Hashtable)[pri:0, instance:com.w2a.qa.testcases.CreateCustomerTest@e357dc]" name="ValidateCreateCustomerAPIWihInvalidSecreteKey" duration-ms="2634" started-at="2020-08-28T17:26:22Z" data-provider="data" finished-at="2020-08-28T17:26:24Z">
          <params>
            <param index="0">
              <value>
                <![CDATA[{email=meenu@gmail.com, name=Meenakshi, description=Addig first customer}]]>
              </value>
            </param>
          </params>
          <reporter-output>
          </reporter-output>
        </test-method> <!-- ValidateCreateCustomerAPIWihInvalidSecreteKey -->
        <test-method status="PASS" signature="ValidateCreateCustomerAPIWihInvalidSecreteKey(java.util.Hashtable)[pri:0, instance:com.w2a.qa.testcases.CreateCustomerTest@e357dc]" name="ValidateCreateCustomerAPIWihInvalidSecreteKey" duration-ms="422" started-at="2020-08-28T17:26:24Z" data-provider="data" finished-at="2020-08-28T17:26:25Z">
          <params>
            <param index="0">
              <value>
                <![CDATA[{email=Gaju@gmail.com, name=Gaju, description=Adding second customer}]]>
              </value>
            </param>
          </params>
          <reporter-output>
          </reporter-output>
        </test-method> <!-- ValidateCreateCustomerAPIWihInvalidSecreteKey -->
        <test-method status="PASS" signature="ValidateCreateCustomerAPIWihValidSecreteKey(java.util.Hashtable)[pri:0, instance:com.w2a.qa.testcases.CreateCustomerTest@e357dc]" name="ValidateCreateCustomerAPIWihValidSecreteKey" duration-ms="776" started-at="2020-08-28T17:26:25Z" data-provider="data" finished-at="2020-08-28T17:26:26Z">
          <params>
            <param index="0">
              <value>
                <![CDATA[{email=ABC@gmail.com, name=Meenakshi, description=Addig first customer}]]>
              </value>
            </param>
          </params>
          <reporter-output>
          </reporter-output>
        </test-method> <!-- ValidateCreateCustomerAPIWihValidSecreteKey -->
        <test-method status="PASS" signature="ValidateCreateCustomerAPIWihValidSecreteKey(java.util.Hashtable)[pri:0, instance:com.w2a.qa.testcases.CreateCustomerTest@e357dc]" name="ValidateCreateCustomerAPIWihValidSecreteKey" duration-ms="719" started-at="2020-08-28T17:26:26Z" data-provider="data" finished-at="2020-08-28T17:26:26Z">
          <params>
            <param index="0">
              <value>
                <![CDATA[{email=Suchi@gmail.com, name=Gaju, description=Adding second customer}]]>
              </value>
            </param>
          </params>
          <reporter-output>
          </reporter-output>
        </test-method> <!-- ValidateCreateCustomerAPIWihValidSecreteKey -->
        <test-method status="PASS" signature="ValidateCreateCustomerAPIWihValidSecreteKey(java.util.Hashtable)[pri:0, instance:com.w2a.qa.testcases.CreateCustomerTest@e357dc]" name="ValidateCreateCustomerAPIWihValidSecreteKey" duration-ms="741" started-at="2020-08-28T17:26:26Z" data-provider="data" finished-at="2020-08-28T17:26:27Z">
          <params>
            <param index="0">
              <value>
                <![CDATA[{email=gaju@gmail.com, name=suchita, description=Adding second customer}]]>
              </value>
            </param>
          </params>
          <reporter-output>
          </reporter-output>
        </test-method> <!-- ValidateCreateCustomerAPIWihValidSecreteKey -->
        <test-method status="PASS" signature="ValidateCreateCustomerAPIWihValidSecreteKey(java.util.Hashtable)[pri:0, instance:com.w2a.qa.testcases.CreateCustomerTest@e357dc]" name="ValidateCreateCustomerAPIWihValidSecreteKey" duration-ms="727" started-at="2020-08-28T17:26:27Z" data-provider="data" finished-at="2020-08-28T17:26:28Z">
          <params>
            <param index="0">
              <value>
                <![CDATA[{email=Ashwinii@gmail.com, name=ashwini, description=Adding second customer}]]>
              </value>
            </param>
          </params>
          <reporter-output>
          </reporter-output>
        </test-method> <!-- ValidateCreateCustomerAPIWihValidSecreteKey -->
        <test-method status="PASS" signature="ValidateCreateCustomerAPIWihValidSecreteKey(java.util.Hashtable)[pri:0, instance:com.w2a.qa.testcases.CreateCustomerTest@e357dc]" name="ValidateCreateCustomerAPIWihValidSecreteKey" duration-ms="721" started-at="2020-08-28T17:26:28Z" data-provider="data" finished-at="2020-08-28T17:26:29Z">
          <params>
            <param index="0">
              <value>
                <![CDATA[{email=Anup@gmail.com, name=Anup, description=Adding second customer}]]>
              </value>
            </param>
          </params>
          <reporter-output>
          </reporter-output>
        </test-method> <!-- ValidateCreateCustomerAPIWihValidSecreteKey -->
        <test-method status="PASS" signature="ValidateCreateCustomerAPIWihValidSecreteKey(java.util.Hashtable)[pri:0, instance:com.w2a.qa.testcases.CreateCustomerTest@e357dc]" name="ValidateCreateCustomerAPIWihValidSecreteKey" duration-ms="696" started-at="2020-08-28T17:26:29Z" data-provider="data" finished-at="2020-08-28T17:26:29Z">
          <params>
            <param index="0">
              <value>
                <![CDATA[{email=Om@gmail.com, name=Om, description=Adding second customer}]]>
              </value>
            </param>
          </params>
          <reporter-output>
          </reporter-output>
        </test-method> <!-- ValidateCreateCustomerAPIWihValidSecreteKey -->
        <test-method status="PASS" signature="ValidateCreateCustomerAPIWihValidSecreteKey(java.util.Hashtable)[pri:0, instance:com.w2a.qa.testcases.CreateCustomerTest@e357dc]" name="ValidateCreateCustomerAPIWihValidSecreteKey" duration-ms="697" started-at="2020-08-28T17:26:29Z" data-provider="data" finished-at="2020-08-28T17:26:30Z">
          <params>
            <param index="0">
              <value>
                <![CDATA[{email=Ridhi@gmail.com, name=Ridhi, description=Adding second customer}]]>
              </value>
            </param>
          </params>
          <reporter-output>
          </reporter-output>
        </test-method> <!-- ValidateCreateCustomerAPIWihValidSecreteKey -->
        <test-method status="PASS" signature="ValidateCreateCustomerAPIWihValidSecreteKey(java.util.Hashtable)[pri:0, instance:com.w2a.qa.testcases.CreateCustomerTest@e357dc]" name="ValidateCreateCustomerAPIWihValidSecreteKey" duration-ms="722" started-at="2020-08-28T17:26:30Z" data-provider="data" finished-at="2020-08-28T17:26:31Z">
          <params>
            <param index="0">
              <value>
                <![CDATA[{email=Shivu@gmail.com, name=Shivu, description=Adding second customer}]]>
              </value>
            </param>
          </params>
          <reporter-output>
          </reporter-output>
        </test-method> <!-- ValidateCreateCustomerAPIWihValidSecreteKey -->
        <test-method status="PASS" signature="ValidateCreateCustomerAPIWihValidSecreteKey(java.util.Hashtable)[pri:0, instance:com.w2a.qa.testcases.CreateCustomerTest@e357dc]" name="ValidateCreateCustomerAPIWihValidSecreteKey" duration-ms="852" started-at="2020-08-28T17:26:31Z" data-provider="data" finished-at="2020-08-28T17:26:32Z">
          <params>
            <param index="0">
              <value>
                <![CDATA[{email=Khushi@gmail.com, name=Khushi, description=Adding second customer}]]>
              </value>
            </param>
          </params>
          <reporter-output>
          </reporter-output>
        </test-method> <!-- ValidateCreateCustomerAPIWihValidSecreteKey -->
        <test-method status="PASS" signature="TearDown()[pri:0, instance:com.w2a.qa.testcases.CreateCustomerTest@e357dc]" name="TearDown" is-config="true" duration-ms="0" started-at="2020-08-28T17:26:32Z" finished-at="2020-08-28T17:26:32Z">
          <reporter-output>
          </reporter-output>
        </test-method> <!-- TearDown -->
      </class> <!-- com.w2a.qa.testcases.CreateCustomerTest -->
    </test> <!-- Default test -->
  </suite> <!-- Default suite -->
</testng-results>
